<?xml version="1.0" encoding="UTF-8" ?>
<testsuite failures="0" time="0.418" errors="0" skipped="0" tests="4" name="com.depot.app.service.ProductManagerTest">
  <properties>
[...]
</properties>
  <testcase time="0.111" classname="com.depot.app.service.ProductManagerTest" name="itShouldUpdateProduct"/>
  <testcase time="0.122" classname="com.depot.app.service.ProductManagerTest" name="itShouldAddAndGetAProduct"/>
  <testcase time="0.09" classname="com.depot.app.service.ProductManagerTest" name="itShouldAddTwoProductsAndGetThem"/>
  <testcase time="0.092" classname="com.depot.app.service.ProductManagerTest" name="itShouldAddAndDeleteAProduct"/>
</testsuite>